<?xml version="1.0" encoding="UTF-8"?>
<testng-results ignored="0" total="1" passed="1" failed="0" skipped="0">
  <reporter-output>
  </reporter-output>
  <suite started-at="2025-02-18T19:56:35 IST" name="Default suite" finished-at="2025-02-18T19:56:38 IST" duration-ms="3023">
    <groups>
    </groups>
    <test started-at="2025-02-18T19:56:35 IST" name="Default test" finished-at="2025-02-18T19:56:38 IST" duration-ms="3023">
      <class name="com.api.test.AddUserBuilderTest">
        <test-method signature="addUserTest()[pri:0, instance:com.api.test.AddUserBuilderTest@49139829]" started-at="2025-02-18T19:56:35 IST" name="addUserTest" description="Verify Add Student Endpoint is working.." finished-at="2025-02-18T19:56:38 IST" duration-ms="2932" status="PASS">
          <reporter-output>
          </reporter-output>
        </test-method> <!-- addUserTest -->
      </class> <!-- com.api.test.AddUserBuilderTest -->
    </test> <!-- Default test -->
  </suite> <!-- Default suite -->
</testng-results>
