<?xml version="1.0" encoding="UTF-8"?>
<testng-results ignored="0" total="3" passed="3" failed="0" skipped="0">
  <reporter-output>
  </reporter-output>
  <suite started-at="2025-04-20T21:09:43 IST" name="API Test Suite" finished-at="2025-04-20T21:09:46 IST" duration-ms="2897">
    <groups>
    </groups>
    <test started-at="2025-04-20T21:09:43 IST" name="PUT API Test" finished-at="2025-04-20T21:09:46 IST" duration-ms="2887">
      <class name="com.api.test.UpdateUserTest">
        <test-method signature="updateUserTest1()[pri:0, instance:com.api.test.UpdateUserTest@393881f0]" started-at="2025-04-20T21:09:44 IST" name="updateUserTest1" finished-at="2025-04-20T21:09:46 IST" duration-ms="2403" status="PASS">
          <reporter-output>
          </reporter-output>
        </test-method> <!-- updateUserTest1 -->
        <test-method is-config="true" signature="tearDown()[pri:0, instance:com.api.test.UpdateUserTest@393881f0]" started-at="2025-04-20T21:09:46 IST" name="tearDown" finished-at="2025-04-20T21:09:46 IST" duration-ms="17" status="PASS">
          <reporter-output>
          </reporter-output>
        </test-method> <!-- tearDown -->
      </class> <!-- com.api.test.UpdateUserTest -->
    </test> <!-- PUT API Test -->
    <test started-at="2025-04-20T21:09:43 IST" name="GET API Test" finished-at="2025-04-20T21:09:46 IST" duration-ms="2897">
      <class name="com.api.test.GetUserTest">
        <test-method signature="getUserTest1()[pri:0, instance:com.api.test.GetUserTest@2a49fe]" started-at="2025-04-20T21:09:44 IST" name="getUserTest1" finished-at="2025-04-20T21:09:46 IST" duration-ms="2399" status="PASS">
          <reporter-output>
          </reporter-output>
        </test-method> <!-- getUserTest1 -->
        <test-method is-config="true" signature="tearDown()[pri:0, instance:com.api.test.GetUserTest@2a49fe]" started-at="2025-04-20T21:09:46 IST" name="tearDown" finished-at="2025-04-20T21:09:46 IST" duration-ms="14" status="PASS">
          <reporter-output>
          </reporter-output>
        </test-method> <!-- tearDown -->
      </class> <!-- com.api.test.GetUserTest -->
    </test> <!-- GET API Test -->
    <test started-at="2025-04-20T21:09:43 IST" name="POST API Test" finished-at="2025-04-20T21:09:46 IST" duration-ms="2875">
      <class name="com.api.test.AddUserTest">
        <test-method signature="addUserTest1()[pri:0, instance:com.api.test.AddUserTest@7ca0863b]" started-at="2025-04-20T21:09:44 IST" name="addUserTest1" finished-at="2025-04-20T21:09:46 IST" duration-ms="2426" status="PASS">
          <reporter-output>
          </reporter-output>
        </test-method> <!-- addUserTest1 -->
      </class> <!-- com.api.test.AddUserTest -->
    </test> <!-- POST API Test -->
  </suite> <!-- API Test Suite -->
</testng-results>
